<?xml version="1.0" encoding="UTF-8"?>
<!-- Generated by org.testng.reporters.JUnitXMLReporter -->
<testsuite hostname="MX-IT01128" ignored="4" name="Command line test" tests="9" failures="0" timestamp="03 Apr 2018 18:08:57 GMT" time="0.031" errors="0">
  <testcase name="@BeforeSuite beforeSuit" time="0.0" classname="com.globant.autoTrainingSelenium.test.BaseTNGTest">
    <failure type="org.testng.TestNGException" message="
Parameter &amp;apos;browser&amp;apos; is required by BeforeSuite on method beforeSuit but has not been marked @Optional or defined
">
      <![CDATA[org.testng.TestNGException: 
Parameter 'browser' is required by BeforeSuite on method beforeSuit but has not been marked @Optional or defined

... Removed 27 stack frames]]>
    </failure>
  </testcase> <!-- @BeforeSuite beforeSuit -->
  <testcase name="test1" time="0.0" classname="com.globant.autoTrainingSelenium.test.starbucks.StarbucksTest">
    <skipped/>
  </testcase> <!-- test1 -->
  <testcase name="test2" time="0.0" classname="com.globant.autoTrainingSelenium.test.starbucks.StarbucksTest">
    <skipped/>
  </testcase> <!-- test2 -->
  <testcase name="test2" time="0.0" classname="com.globant.autoTrainingSelenium.test.starbucks.StarbucksTest">
    <skipped/>
  </testcase> <!-- test2 -->
  <testcase name="test2" time="0.0" classname="com.globant.autoTrainingSelenium.test.starbucks.StarbucksTest">
    <skipped/>
  </testcase> <!-- test2 -->
  <testcase name="test2" time="0.0" classname="com.globant.autoTrainingSelenium.test.starbucks.StarbucksTest">
    <skipped/>
  </testcase> <!-- test2 -->
  <testcase name="test3" time="0.0" classname="com.globant.autoTrainingSelenium.test.starbucks.StarbucksTest">
    <skipped/>
  </testcase> <!-- test3 -->
  <testcase name="test3" time="0.0" classname="com.globant.autoTrainingSelenium.test.starbucks.StarbucksTest">
    <skipped/>
  </testcase> <!-- test3 -->
  <testcase name="test3" time="0.0" classname="com.globant.autoTrainingSelenium.test.starbucks.StarbucksTest">
    <skipped/>
  </testcase> <!-- test3 -->
  <testcase name="testWikiSearch" time="0.0" classname="com.globant.autoTrainingSelenium.test.wikipedia.WikiTNGTest">
    <skipped/>
  </testcase> <!-- testWikiSearch -->
  <testcase name="@BeforeSuite beforeSuit" time="0.0" classname="com.globant.autoTrainingSelenium.test.BaseTNGTest">
    <ignored/>
  </testcase> <!-- @BeforeSuite beforeSuit -->
  <testcase name="@BeforeSuite beforeSuit" time="0.0" classname="com.globant.autoTrainingSelenium.test.BaseTNGTest">
    <ignored/>
  </testcase> <!-- @BeforeSuite beforeSuit -->
  <testcase name="@AfterSuite afterSuite" time="0.0" classname="com.globant.autoTrainingSelenium.test.BaseTNGTest">
    <ignored/>
  </testcase> <!-- @AfterSuite afterSuite -->
  <testcase name="@AfterSuite afterSuite" time="0.0" classname="com.globant.autoTrainingSelenium.test.BaseTNGTest">
    <ignored/>
  </testcase> <!-- @AfterSuite afterSuite -->
</testsuite> <!-- Command line test -->
